D:\WORK\WOLFSSL_4_6_0\GIT\WOLFSSL_STUB-MASTER_4_6\WOLFSSL_STUB_SAMPLE_AES_GCM\CYASSL-4.6.0\WOLFSSL_FIPS\WOLFSSL_FIPS\DEBUG\AES.OBJ
D:\WORK\WOLFSSL_4_6_0\GIT\WOLFSSL_STUB-MASTER_4_6\WOLFSSL_STUB_SAMPLE_AES_GCM\CYASSL-4.6.0\WOLFSSL_FIPS\WOLFSSL_FIPS\DEBUG\ARC4.OBJ
D:\WORK\WOLFSSL_4_6_0\GIT\WOLFSSL_STUB-MASTER_4_6\WOLFSSL_STUB_SAMPLE_AES_GCM\CYASSL-4.6.0\WOLFSSL_FIPS\WOLFSSL_FIPS\DEBUG\ASM.OBJ
D:\WORK\WOLFSSL_4_6_0\GIT\WOLFSSL_STUB-MASTER_4_6\WOLFSSL_STUB_SAMPLE_AES_GCM\CYASSL-4.6.0\WOLFSSL_FIPS\WOLFSSL_FIPS\DEBUG\ASN.OBJ
D:\WORK\WOLFSSL_4_6_0\GIT\WOLFSSL_STUB-MASTER_4_6\WOLFSSL_STUB_SAMPLE_AES_GCM\CYASSL-4.6.0\WOLFSSL_FIPS\WOLFSSL_FIPS\DEBUG\BLAKE2B.OBJ
D:\WORK\WOLFSSL_4_6_0\GIT\WOLFSSL_STUB-MASTER_4_6\WOLFSSL_STUB_SAMPLE_AES_GCM\CYASSL-4.6.0\WOLFSSL_FIPS\WOLFSSL_FIPS\DEBUG\CAMELLIA.OBJ
D:\WORK\WOLFSSL_4_6_0\GIT\WOLFSSL_STUB-MASTER_4_6\WOLFSSL_STUB_SAMPLE_AES_GCM\CYASSL-4.6.0\WOLFSSL_FIPS\WOLFSSL_FIPS\DEBUG\CHACHA.OBJ
D:\WORK\WOLFSSL_4_6_0\GIT\WOLFSSL_STUB-MASTER_4_6\WOLFSSL_STUB_SAMPLE_AES_GCM\CYASSL-4.6.0\WOLFSSL_FIPS\WOLFSSL_FIPS\DEBUG\CHACHA20_POLY1305.OBJ
D:\Work\WolfSSL_4_6_0\Git\WolfSSL_Stub-master_4_6\WolfSSL_Stub_Sample_AES_GCM\cyassl-4.6.0\wolfssl_fips\wolfssl_fips\Debug\cl.command.1.tlog
D:\Work\WolfSSL_4_6_0\Git\WolfSSL_Stub-master_4_6\WolfSSL_Stub_Sample_AES_GCM\cyassl-4.6.0\wolfssl_fips\wolfssl_fips\Debug\CL.read.1.tlog
D:\Work\WolfSSL_4_6_0\Git\WolfSSL_Stub-master_4_6\WolfSSL_Stub_Sample_AES_GCM\cyassl-4.6.0\wolfssl_fips\wolfssl_fips\Debug\CL.write.1.tlog
D:\WORK\WOLFSSL_4_6_0\GIT\WOLFSSL_STUB-MASTER_4_6\WOLFSSL_STUB_SAMPLE_AES_GCM\CYASSL-4.6.0\WOLFSSL_FIPS\WOLFSSL_FIPS\DEBUG\CODING.OBJ
D:\WORK\WOLFSSL_4_6_0\GIT\WOLFSSL_STUB-MASTER_4_6\WOLFSSL_STUB_SAMPLE_AES_GCM\CYASSL-4.6.0\WOLFSSL_FIPS\WOLFSSL_FIPS\DEBUG\COMPRESS.OBJ
D:\WORK\WOLFSSL_4_6_0\GIT\WOLFSSL_STUB-MASTER_4_6\WOLFSSL_STUB_SAMPLE_AES_GCM\CYASSL-4.6.0\WOLFSSL_FIPS\WOLFSSL_FIPS\DEBUG\CRL.OBJ
D:\WORK\WOLFSSL_4_6_0\GIT\WOLFSSL_STUB-MASTER_4_6\WOLFSSL_STUB_SAMPLE_AES_GCM\CYASSL-4.6.0\WOLFSSL_FIPS\WOLFSSL_FIPS\DEBUG\CURVE25519.OBJ
D:\WORK\WOLFSSL_4_6_0\GIT\WOLFSSL_STUB-MASTER_4_6\WOLFSSL_STUB_SAMPLE_AES_GCM\CYASSL-4.6.0\WOLFSSL_FIPS\WOLFSSL_FIPS\DEBUG\DES3.OBJ
D:\WORK\WOLFSSL_4_6_0\GIT\WOLFSSL_STUB-MASTER_4_6\WOLFSSL_STUB_SAMPLE_AES_GCM\CYASSL-4.6.0\WOLFSSL_FIPS\WOLFSSL_FIPS\DEBUG\DH.OBJ
D:\WORK\WOLFSSL_4_6_0\GIT\WOLFSSL_STUB-MASTER_4_6\WOLFSSL_STUB_SAMPLE_AES_GCM\CYASSL-4.6.0\WOLFSSL_FIPS\WOLFSSL_FIPS\DEBUG\DSA.OBJ
D:\WORK\WOLFSSL_4_6_0\GIT\WOLFSSL_STUB-MASTER_4_6\WOLFSSL_STUB_SAMPLE_AES_GCM\CYASSL-4.6.0\WOLFSSL_FIPS\WOLFSSL_FIPS\DEBUG\ECC.OBJ
D:\WORK\WOLFSSL_4_6_0\GIT\WOLFSSL_STUB-MASTER_4_6\WOLFSSL_STUB_SAMPLE_AES_GCM\CYASSL-4.6.0\WOLFSSL_FIPS\WOLFSSL_FIPS\DEBUG\ECC_FP.OBJ
D:\WORK\WOLFSSL_4_6_0\GIT\WOLFSSL_STUB-MASTER_4_6\WOLFSSL_STUB_SAMPLE_AES_GCM\CYASSL-4.6.0\WOLFSSL_FIPS\WOLFSSL_FIPS\DEBUG\ED25519.OBJ
D:\WORK\WOLFSSL_4_6_0\GIT\WOLFSSL_STUB-MASTER_4_6\WOLFSSL_STUB_SAMPLE_AES_GCM\CYASSL-4.6.0\WOLFSSL_FIPS\WOLFSSL_FIPS\DEBUG\ERROR.OBJ
D:\WORK\WOLFSSL_4_6_0\GIT\WOLFSSL_STUB-MASTER_4_6\WOLFSSL_STUB_SAMPLE_AES_GCM\CYASSL-4.6.0\WOLFSSL_FIPS\WOLFSSL_FIPS\DEBUG\FE_LOW_MEM.OBJ
D:\WORK\WOLFSSL_4_6_0\GIT\WOLFSSL_STUB-MASTER_4_6\WOLFSSL_STUB_SAMPLE_AES_GCM\CYASSL-4.6.0\WOLFSSL_FIPS\WOLFSSL_FIPS\DEBUG\FE_OPERATIONS.OBJ
D:\WORK\WOLFSSL_4_6_0\GIT\WOLFSSL_STUB-MASTER_4_6\WOLFSSL_STUB_SAMPLE_AES_GCM\CYASSL-4.6.0\WOLFSSL_FIPS\WOLFSSL_FIPS\DEBUG\FIPS.OBJ
D:\WORK\WOLFSSL_4_6_0\GIT\WOLFSSL_STUB-MASTER_4_6\WOLFSSL_STUB_SAMPLE_AES_GCM\CYASSL-4.6.0\WOLFSSL_FIPS\WOLFSSL_FIPS\DEBUG\FIPS_TEST.OBJ
D:\WORK\WOLFSSL_4_6_0\GIT\WOLFSSL_STUB-MASTER_4_6\WOLFSSL_STUB_SAMPLE_AES_GCM\CYASSL-4.6.0\WOLFSSL_FIPS\WOLFSSL_FIPS\DEBUG\GE_LOW_MEM.OBJ
D:\WORK\WOLFSSL_4_6_0\GIT\WOLFSSL_STUB-MASTER_4_6\WOLFSSL_STUB_SAMPLE_AES_GCM\CYASSL-4.6.0\WOLFSSL_FIPS\WOLFSSL_FIPS\DEBUG\GE_OPERATIONS.OBJ
D:\WORK\WOLFSSL_4_6_0\GIT\WOLFSSL_STUB-MASTER_4_6\WOLFSSL_STUB_SAMPLE_AES_GCM\CYASSL-4.6.0\WOLFSSL_FIPS\WOLFSSL_FIPS\DEBUG\HASH.OBJ
D:\WORK\WOLFSSL_4_6_0\GIT\WOLFSSL_STUB-MASTER_4_6\WOLFSSL_STUB_SAMPLE_AES_GCM\CYASSL-4.6.0\WOLFSSL_FIPS\WOLFSSL_FIPS\DEBUG\HC128.OBJ
D:\WORK\WOLFSSL_4_6_0\GIT\WOLFSSL_STUB-MASTER_4_6\WOLFSSL_STUB_SAMPLE_AES_GCM\CYASSL-4.6.0\WOLFSSL_FIPS\WOLFSSL_FIPS\DEBUG\HMAC.OBJ
D:\WORK\WOLFSSL_4_6_0\GIT\WOLFSSL_STUB-MASTER_4_6\WOLFSSL_STUB_SAMPLE_AES_GCM\CYASSL-4.6.0\WOLFSSL_FIPS\WOLFSSL_FIPS\DEBUG\IDEA.OBJ
D:\WORK\WOLFSSL_4_6_0\GIT\WOLFSSL_STUB-MASTER_4_6\WOLFSSL_STUB_SAMPLE_AES_GCM\CYASSL-4.6.0\WOLFSSL_FIPS\WOLFSSL_FIPS\DEBUG\INTEGER.OBJ
D:\WORK\WOLFSSL_4_6_0\GIT\WOLFSSL_STUB-MASTER_4_6\WOLFSSL_STUB_SAMPLE_AES_GCM\CYASSL-4.6.0\WOLFSSL_FIPS\WOLFSSL_FIPS\DEBUG\INTERNAL.OBJ
D:\WORK\WOLFSSL_4_6_0\GIT\WOLFSSL_STUB-MASTER_4_6\WOLFSSL_STUB_SAMPLE_AES_GCM\CYASSL-4.6.0\WOLFSSL_FIPS\WOLFSSL_FIPS\DEBUG\KEYS.OBJ
D:\Work\WolfSSL_4_6_0\Git\WolfSSL_Stub-master_4_6\WolfSSL_Stub_Sample_AES_GCM\cyassl-4.6.0\wolfssl_fips\wolfssl_fips\Debug\lib.command.1.tlog
D:\Work\WolfSSL_4_6_0\Git\WolfSSL_Stub-master_4_6\WolfSSL_Stub_Sample_AES_GCM\cyassl-4.6.0\wolfssl_fips\wolfssl_fips\Debug\Lib-link.read.1.tlog
D:\Work\WolfSSL_4_6_0\Git\WolfSSL_Stub-master_4_6\WolfSSL_Stub_Sample_AES_GCM\cyassl-4.6.0\wolfssl_fips\wolfssl_fips\Debug\Lib-link.write.1.tlog
D:\WORK\WOLFSSL_4_6_0\GIT\WOLFSSL_STUB-MASTER_4_6\WOLFSSL_STUB_SAMPLE_AES_GCM\CYASSL-4.6.0\WOLFSSL_FIPS\WOLFSSL_FIPS\DEBUG\LOGGING.OBJ
D:\WORK\WOLFSSL_4_6_0\GIT\WOLFSSL_STUB-MASTER_4_6\WOLFSSL_STUB_SAMPLE_AES_GCM\CYASSL-4.6.0\WOLFSSL_FIPS\WOLFSSL_FIPS\DEBUG\MD2.OBJ
D:\WORK\WOLFSSL_4_6_0\GIT\WOLFSSL_STUB-MASTER_4_6\WOLFSSL_STUB_SAMPLE_AES_GCM\CYASSL-4.6.0\WOLFSSL_FIPS\WOLFSSL_FIPS\DEBUG\MD4.OBJ
D:\WORK\WOLFSSL_4_6_0\GIT\WOLFSSL_STUB-MASTER_4_6\WOLFSSL_STUB_SAMPLE_AES_GCM\CYASSL-4.6.0\WOLFSSL_FIPS\WOLFSSL_FIPS\DEBUG\MD5.OBJ
D:\WORK\WOLFSSL_4_6_0\GIT\WOLFSSL_STUB-MASTER_4_6\WOLFSSL_STUB_SAMPLE_AES_GCM\CYASSL-4.6.0\WOLFSSL_FIPS\WOLFSSL_FIPS\DEBUG\MEMORY.OBJ
D:\WORK\WOLFSSL_4_6_0\GIT\WOLFSSL_STUB-MASTER_4_6\WOLFSSL_STUB_SAMPLE_AES_GCM\CYASSL-4.6.0\WOLFSSL_FIPS\WOLFSSL_FIPS\DEBUG\OCSP.OBJ
D:\WORK\WOLFSSL_4_6_0\GIT\WOLFSSL_STUB-MASTER_4_6\WOLFSSL_STUB_SAMPLE_AES_GCM\CYASSL-4.6.0\WOLFSSL_FIPS\WOLFSSL_FIPS\DEBUG\PKCS12.OBJ
D:\WORK\WOLFSSL_4_6_0\GIT\WOLFSSL_STUB-MASTER_4_6\WOLFSSL_STUB_SAMPLE_AES_GCM\CYASSL-4.6.0\WOLFSSL_FIPS\WOLFSSL_FIPS\DEBUG\PKCS7.OBJ
D:\WORK\WOLFSSL_4_6_0\GIT\WOLFSSL_STUB-MASTER_4_6\WOLFSSL_STUB_SAMPLE_AES_GCM\CYASSL-4.6.0\WOLFSSL_FIPS\WOLFSSL_FIPS\DEBUG\POLY1305.OBJ
D:\WORK\WOLFSSL_4_6_0\GIT\WOLFSSL_STUB-MASTER_4_6\WOLFSSL_STUB_SAMPLE_AES_GCM\CYASSL-4.6.0\WOLFSSL_FIPS\WOLFSSL_FIPS\DEBUG\PWDBASED.OBJ
D:\WORK\WOLFSSL_4_6_0\GIT\WOLFSSL_STUB-MASTER_4_6\WOLFSSL_STUB_SAMPLE_AES_GCM\CYASSL-4.6.0\WOLFSSL_FIPS\WOLFSSL_FIPS\DEBUG\RABBIT.OBJ
D:\WORK\WOLFSSL_4_6_0\GIT\WOLFSSL_STUB-MASTER_4_6\WOLFSSL_STUB_SAMPLE_AES_GCM\CYASSL-4.6.0\WOLFSSL_FIPS\WOLFSSL_FIPS\DEBUG\RANDOM.OBJ
D:\WORK\WOLFSSL_4_6_0\GIT\WOLFSSL_STUB-MASTER_4_6\WOLFSSL_STUB_SAMPLE_AES_GCM\CYASSL-4.6.0\WOLFSSL_FIPS\WOLFSSL_FIPS\DEBUG\RIPEMD.OBJ
D:\WORK\WOLFSSL_4_6_0\GIT\WOLFSSL_STUB-MASTER_4_6\WOLFSSL_STUB_SAMPLE_AES_GCM\CYASSL-4.6.0\WOLFSSL_FIPS\WOLFSSL_FIPS\DEBUG\RSA.OBJ
D:\WORK\WOLFSSL_4_6_0\GIT\WOLFSSL_STUB-MASTER_4_6\WOLFSSL_STUB_SAMPLE_AES_GCM\CYASSL-4.6.0\WOLFSSL_FIPS\WOLFSSL_FIPS\DEBUG\SHA.OBJ
D:\WORK\WOLFSSL_4_6_0\GIT\WOLFSSL_STUB-MASTER_4_6\WOLFSSL_STUB_SAMPLE_AES_GCM\CYASSL-4.6.0\WOLFSSL_FIPS\WOLFSSL_FIPS\DEBUG\SHA256.OBJ
D:\WORK\WOLFSSL_4_6_0\GIT\WOLFSSL_STUB-MASTER_4_6\WOLFSSL_STUB_SAMPLE_AES_GCM\CYASSL-4.6.0\WOLFSSL_FIPS\WOLFSSL_FIPS\DEBUG\SHA512.OBJ
D:\WORK\WOLFSSL_4_6_0\GIT\WOLFSSL_STUB-MASTER_4_6\WOLFSSL_STUB_SAMPLE_AES_GCM\CYASSL-4.6.0\WOLFSSL_FIPS\WOLFSSL_FIPS\DEBUG\SIGNATURE.OBJ
D:\WORK\WOLFSSL_4_6_0\GIT\WOLFSSL_STUB-MASTER_4_6\WOLFSSL_STUB_SAMPLE_AES_GCM\CYASSL-4.6.0\WOLFSSL_FIPS\WOLFSSL_FIPS\DEBUG\SNIFFER.OBJ
D:\WORK\WOLFSSL_4_6_0\GIT\WOLFSSL_STUB-MASTER_4_6\WOLFSSL_STUB_SAMPLE_AES_GCM\CYASSL-4.6.0\WOLFSSL_FIPS\WOLFSSL_FIPS\DEBUG\SRP.OBJ
D:\WORK\WOLFSSL_4_6_0\GIT\WOLFSSL_STUB-MASTER_4_6\WOLFSSL_STUB_SAMPLE_AES_GCM\CYASSL-4.6.0\WOLFSSL_FIPS\WOLFSSL_FIPS\DEBUG\SSL.OBJ
D:\WORK\WOLFSSL_4_6_0\GIT\WOLFSSL_STUB-MASTER_4_6\WOLFSSL_STUB_SAMPLE_AES_GCM\CYASSL-4.6.0\WOLFSSL_FIPS\WOLFSSL_FIPS\DEBUG\TFM.OBJ
D:\WORK\WOLFSSL_4_6_0\GIT\WOLFSSL_STUB-MASTER_4_6\WOLFSSL_STUB_SAMPLE_AES_GCM\CYASSL-4.6.0\WOLFSSL_FIPS\WOLFSSL_FIPS\DEBUG\TLS.OBJ
D:\Work\WolfSSL_4_6_0\Git\WolfSSL_Stub-master_4_6\WolfSSL_Stub_Sample_AES_GCM\cyassl-4.6.0\wolfssl_fips\wolfssl_fips\Debug\vc100.idb
D:\WORK\WOLFSSL_4_6_0\GIT\WOLFSSL_STUB-MASTER_4_6\WOLFSSL_STUB_SAMPLE_AES_GCM\CYASSL-4.6.0\WOLFSSL_FIPS\WOLFSSL_FIPS\DEBUG\VC100.PDB
D:\WORK\WOLFSSL_4_6_0\GIT\WOLFSSL_STUB-MASTER_4_6\WOLFSSL_STUB_SAMPLE_AES_GCM\CYASSL-4.6.0\WOLFSSL_FIPS\WOLFSSL_FIPS\DEBUG\WC_ENCRYPT.OBJ
D:\WORK\WOLFSSL_4_6_0\GIT\WOLFSSL_STUB-MASTER_4_6\WOLFSSL_STUB_SAMPLE_AES_GCM\CYASSL-4.6.0\WOLFSSL_FIPS\WOLFSSL_FIPS\DEBUG\WC_PORT.OBJ
D:\WORK\WOLFSSL_4_6_0\GIT\WOLFSSL_STUB-MASTER_4_6\WOLFSSL_STUB_SAMPLE_AES_GCM\CYASSL-4.6.0\WOLFSSL_FIPS\WOLFSSL_FIPS\DEBUG\WOLFCRYPT_FIRST.OBJ
D:\WORK\WOLFSSL_4_6_0\GIT\WOLFSSL_STUB-MASTER_4_6\WOLFSSL_STUB_SAMPLE_AES_GCM\CYASSL-4.6.0\WOLFSSL_FIPS\WOLFSSL_FIPS\DEBUG\WOLFCRYPT_LAST.OBJ
D:\WORK\WOLFSSL_4_6_0\GIT\WOLFSSL_STUB-MASTER_4_6\WOLFSSL_STUB_SAMPLE_AES_GCM\CYASSL-4.6.0\WOLFSSL_FIPS\WOLFSSL_FIPS\DEBUG\WOLFIO.OBJ
D:\Work\WolfSSL_4_6_0\Git\WolfSSL_Stub-master_4_6\WolfSSL_Stub_Sample_AES_GCM\cyassl-4.6.0\wolfssl_fips\wolfssl_fips\Debug\wolfssl_fips_video.write.1.tlog
D:\WORK\WOLFSSL_4_6_0\GIT\WOLFSSL_STUB-MASTER_4_6\WOLFSSL_STUB_SAMPLE_AES_GCM\DEBUG\WOLFSSL_FIPS_VIDEO.LIB
D:\Work\WolfSSL_4_6_0\Git\WolfSSL_Stub-master_4_6\WolfSSL_Stub_Sample_AES_GCM\Debug\wolfssl_fips_video.pdb
D:\WORK\WOLFSSL_4_6_0\KODIAK_POC_CDE_10_00_02_17S_SRTP\PRODUCT\INSTA_POC_CLIENT\BUILD\KODIAK\WINDOWS\SOL_DIR\MCVIDEO\DEBUG\WOLFSSL_FIPS_VIDEO.LIB
D:\WORK\WOLFSSL_4_6_0\KODIAK_POC_CDE_10_00_02_17S_SRTP\PRODUCT\INSTA_POC_CLIENT\MSF\CYASSL-4.6.0\WOLFSSL_FIPS\WOLFSSL_FIPS\DEBUG\AES.OBJ
D:\WORK\WOLFSSL_4_6_0\KODIAK_POC_CDE_10_00_02_17S_SRTP\PRODUCT\INSTA_POC_CLIENT\MSF\CYASSL-4.6.0\WOLFSSL_FIPS\WOLFSSL_FIPS\DEBUG\ARC4.OBJ
D:\WORK\WOLFSSL_4_6_0\KODIAK_POC_CDE_10_00_02_17S_SRTP\PRODUCT\INSTA_POC_CLIENT\MSF\CYASSL-4.6.0\WOLFSSL_FIPS\WOLFSSL_FIPS\DEBUG\ASM.OBJ
D:\WORK\WOLFSSL_4_6_0\KODIAK_POC_CDE_10_00_02_17S_SRTP\PRODUCT\INSTA_POC_CLIENT\MSF\CYASSL-4.6.0\WOLFSSL_FIPS\WOLFSSL_FIPS\DEBUG\ASN.OBJ
D:\WORK\WOLFSSL_4_6_0\KODIAK_POC_CDE_10_00_02_17S_SRTP\PRODUCT\INSTA_POC_CLIENT\MSF\CYASSL-4.6.0\WOLFSSL_FIPS\WOLFSSL_FIPS\DEBUG\BLAKE2B.OBJ
D:\WORK\WOLFSSL_4_6_0\KODIAK_POC_CDE_10_00_02_17S_SRTP\PRODUCT\INSTA_POC_CLIENT\MSF\CYASSL-4.6.0\WOLFSSL_FIPS\WOLFSSL_FIPS\DEBUG\CAMELLIA.OBJ
D:\WORK\WOLFSSL_4_6_0\KODIAK_POC_CDE_10_00_02_17S_SRTP\PRODUCT\INSTA_POC_CLIENT\MSF\CYASSL-4.6.0\WOLFSSL_FIPS\WOLFSSL_FIPS\DEBUG\CHACHA.OBJ
D:\WORK\WOLFSSL_4_6_0\KODIAK_POC_CDE_10_00_02_17S_SRTP\PRODUCT\INSTA_POC_CLIENT\MSF\CYASSL-4.6.0\WOLFSSL_FIPS\WOLFSSL_FIPS\DEBUG\CHACHA20_POLY1305.OBJ
D:\WORK\WOLFSSL_4_6_0\KODIAK_POC_CDE_10_00_02_17S_SRTP\PRODUCT\INSTA_POC_CLIENT\MSF\CYASSL-4.6.0\WOLFSSL_FIPS\WOLFSSL_FIPS\DEBUG\CODING.OBJ
D:\WORK\WOLFSSL_4_6_0\KODIAK_POC_CDE_10_00_02_17S_SRTP\PRODUCT\INSTA_POC_CLIENT\MSF\CYASSL-4.6.0\WOLFSSL_FIPS\WOLFSSL_FIPS\DEBUG\COMPRESS.OBJ
D:\WORK\WOLFSSL_4_6_0\KODIAK_POC_CDE_10_00_02_17S_SRTP\PRODUCT\INSTA_POC_CLIENT\MSF\CYASSL-4.6.0\WOLFSSL_FIPS\WOLFSSL_FIPS\DEBUG\CRL.OBJ
D:\WORK\WOLFSSL_4_6_0\KODIAK_POC_CDE_10_00_02_17S_SRTP\PRODUCT\INSTA_POC_CLIENT\MSF\CYASSL-4.6.0\WOLFSSL_FIPS\WOLFSSL_FIPS\DEBUG\CURVE25519.OBJ
D:\WORK\WOLFSSL_4_6_0\KODIAK_POC_CDE_10_00_02_17S_SRTP\PRODUCT\INSTA_POC_CLIENT\MSF\CYASSL-4.6.0\WOLFSSL_FIPS\WOLFSSL_FIPS\DEBUG\DES3.OBJ
D:\WORK\WOLFSSL_4_6_0\KODIAK_POC_CDE_10_00_02_17S_SRTP\PRODUCT\INSTA_POC_CLIENT\MSF\CYASSL-4.6.0\WOLFSSL_FIPS\WOLFSSL_FIPS\DEBUG\DH.OBJ
D:\WORK\WOLFSSL_4_6_0\KODIAK_POC_CDE_10_00_02_17S_SRTP\PRODUCT\INSTA_POC_CLIENT\MSF\CYASSL-4.6.0\WOLFSSL_FIPS\WOLFSSL_FIPS\DEBUG\DSA.OBJ
D:\WORK\WOLFSSL_4_6_0\KODIAK_POC_CDE_10_00_02_17S_SRTP\PRODUCT\INSTA_POC_CLIENT\MSF\CYASSL-4.6.0\WOLFSSL_FIPS\WOLFSSL_FIPS\DEBUG\ECC.OBJ
D:\WORK\WOLFSSL_4_6_0\KODIAK_POC_CDE_10_00_02_17S_SRTP\PRODUCT\INSTA_POC_CLIENT\MSF\CYASSL-4.6.0\WOLFSSL_FIPS\WOLFSSL_FIPS\DEBUG\ECC_FP.OBJ
D:\WORK\WOLFSSL_4_6_0\KODIAK_POC_CDE_10_00_02_17S_SRTP\PRODUCT\INSTA_POC_CLIENT\MSF\CYASSL-4.6.0\WOLFSSL_FIPS\WOLFSSL_FIPS\DEBUG\ED25519.OBJ
D:\WORK\WOLFSSL_4_6_0\KODIAK_POC_CDE_10_00_02_17S_SRTP\PRODUCT\INSTA_POC_CLIENT\MSF\CYASSL-4.6.0\WOLFSSL_FIPS\WOLFSSL_FIPS\DEBUG\ERROR.OBJ
D:\WORK\WOLFSSL_4_6_0\KODIAK_POC_CDE_10_00_02_17S_SRTP\PRODUCT\INSTA_POC_CLIENT\MSF\CYASSL-4.6.0\WOLFSSL_FIPS\WOLFSSL_FIPS\DEBUG\FE_LOW_MEM.OBJ
D:\WORK\WOLFSSL_4_6_0\KODIAK_POC_CDE_10_00_02_17S_SRTP\PRODUCT\INSTA_POC_CLIENT\MSF\CYASSL-4.6.0\WOLFSSL_FIPS\WOLFSSL_FIPS\DEBUG\FE_OPERATIONS.OBJ
D:\WORK\WOLFSSL_4_6_0\KODIAK_POC_CDE_10_00_02_17S_SRTP\PRODUCT\INSTA_POC_CLIENT\MSF\CYASSL-4.6.0\WOLFSSL_FIPS\WOLFSSL_FIPS\DEBUG\FIPS.OBJ
D:\WORK\WOLFSSL_4_6_0\KODIAK_POC_CDE_10_00_02_17S_SRTP\PRODUCT\INSTA_POC_CLIENT\MSF\CYASSL-4.6.0\WOLFSSL_FIPS\WOLFSSL_FIPS\DEBUG\FIPS_TEST.OBJ
D:\WORK\WOLFSSL_4_6_0\KODIAK_POC_CDE_10_00_02_17S_SRTP\PRODUCT\INSTA_POC_CLIENT\MSF\CYASSL-4.6.0\WOLFSSL_FIPS\WOLFSSL_FIPS\DEBUG\GE_LOW_MEM.OBJ
D:\WORK\WOLFSSL_4_6_0\KODIAK_POC_CDE_10_00_02_17S_SRTP\PRODUCT\INSTA_POC_CLIENT\MSF\CYASSL-4.6.0\WOLFSSL_FIPS\WOLFSSL_FIPS\DEBUG\GE_OPERATIONS.OBJ
D:\WORK\WOLFSSL_4_6_0\KODIAK_POC_CDE_10_00_02_17S_SRTP\PRODUCT\INSTA_POC_CLIENT\MSF\CYASSL-4.6.0\WOLFSSL_FIPS\WOLFSSL_FIPS\DEBUG\HASH.OBJ
D:\WORK\WOLFSSL_4_6_0\KODIAK_POC_CDE_10_00_02_17S_SRTP\PRODUCT\INSTA_POC_CLIENT\MSF\CYASSL-4.6.0\WOLFSSL_FIPS\WOLFSSL_FIPS\DEBUG\HC128.OBJ
D:\WORK\WOLFSSL_4_6_0\KODIAK_POC_CDE_10_00_02_17S_SRTP\PRODUCT\INSTA_POC_CLIENT\MSF\CYASSL-4.6.0\WOLFSSL_FIPS\WOLFSSL_FIPS\DEBUG\HMAC.OBJ
D:\WORK\WOLFSSL_4_6_0\KODIAK_POC_CDE_10_00_02_17S_SRTP\PRODUCT\INSTA_POC_CLIENT\MSF\CYASSL-4.6.0\WOLFSSL_FIPS\WOLFSSL_FIPS\DEBUG\IDEA.OBJ
D:\WORK\WOLFSSL_4_6_0\KODIAK_POC_CDE_10_00_02_17S_SRTP\PRODUCT\INSTA_POC_CLIENT\MSF\CYASSL-4.6.0\WOLFSSL_FIPS\WOLFSSL_FIPS\DEBUG\INTEGER.OBJ
D:\WORK\WOLFSSL_4_6_0\KODIAK_POC_CDE_10_00_02_17S_SRTP\PRODUCT\INSTA_POC_CLIENT\MSF\CYASSL-4.6.0\WOLFSSL_FIPS\WOLFSSL_FIPS\DEBUG\INTERNAL.OBJ
D:\WORK\WOLFSSL_4_6_0\KODIAK_POC_CDE_10_00_02_17S_SRTP\PRODUCT\INSTA_POC_CLIENT\MSF\CYASSL-4.6.0\WOLFSSL_FIPS\WOLFSSL_FIPS\DEBUG\KEYS.OBJ
D:\WORK\WOLFSSL_4_6_0\KODIAK_POC_CDE_10_00_02_17S_SRTP\PRODUCT\INSTA_POC_CLIENT\MSF\CYASSL-4.6.0\WOLFSSL_FIPS\WOLFSSL_FIPS\DEBUG\LOGGING.OBJ
D:\WORK\WOLFSSL_4_6_0\KODIAK_POC_CDE_10_00_02_17S_SRTP\PRODUCT\INSTA_POC_CLIENT\MSF\CYASSL-4.6.0\WOLFSSL_FIPS\WOLFSSL_FIPS\DEBUG\MD2.OBJ
D:\WORK\WOLFSSL_4_6_0\KODIAK_POC_CDE_10_00_02_17S_SRTP\PRODUCT\INSTA_POC_CLIENT\MSF\CYASSL-4.6.0\WOLFSSL_FIPS\WOLFSSL_FIPS\DEBUG\MD4.OBJ
D:\WORK\WOLFSSL_4_6_0\KODIAK_POC_CDE_10_00_02_17S_SRTP\PRODUCT\INSTA_POC_CLIENT\MSF\CYASSL-4.6.0\WOLFSSL_FIPS\WOLFSSL_FIPS\DEBUG\MD5.OBJ
D:\WORK\WOLFSSL_4_6_0\KODIAK_POC_CDE_10_00_02_17S_SRTP\PRODUCT\INSTA_POC_CLIENT\MSF\CYASSL-4.6.0\WOLFSSL_FIPS\WOLFSSL_FIPS\DEBUG\MEMORY.OBJ
D:\WORK\WOLFSSL_4_6_0\KODIAK_POC_CDE_10_00_02_17S_SRTP\PRODUCT\INSTA_POC_CLIENT\MSF\CYASSL-4.6.0\WOLFSSL_FIPS\WOLFSSL_FIPS\DEBUG\OCSP.OBJ
D:\WORK\WOLFSSL_4_6_0\KODIAK_POC_CDE_10_00_02_17S_SRTP\PRODUCT\INSTA_POC_CLIENT\MSF\CYASSL-4.6.0\WOLFSSL_FIPS\WOLFSSL_FIPS\DEBUG\PKCS12.OBJ
D:\WORK\WOLFSSL_4_6_0\KODIAK_POC_CDE_10_00_02_17S_SRTP\PRODUCT\INSTA_POC_CLIENT\MSF\CYASSL-4.6.0\WOLFSSL_FIPS\WOLFSSL_FIPS\DEBUG\PKCS7.OBJ
D:\WORK\WOLFSSL_4_6_0\KODIAK_POC_CDE_10_00_02_17S_SRTP\PRODUCT\INSTA_POC_CLIENT\MSF\CYASSL-4.6.0\WOLFSSL_FIPS\WOLFSSL_FIPS\DEBUG\POLY1305.OBJ
D:\WORK\WOLFSSL_4_6_0\KODIAK_POC_CDE_10_00_02_17S_SRTP\PRODUCT\INSTA_POC_CLIENT\MSF\CYASSL-4.6.0\WOLFSSL_FIPS\WOLFSSL_FIPS\DEBUG\PWDBASED.OBJ
D:\WORK\WOLFSSL_4_6_0\KODIAK_POC_CDE_10_00_02_17S_SRTP\PRODUCT\INSTA_POC_CLIENT\MSF\CYASSL-4.6.0\WOLFSSL_FIPS\WOLFSSL_FIPS\DEBUG\RABBIT.OBJ
D:\WORK\WOLFSSL_4_6_0\KODIAK_POC_CDE_10_00_02_17S_SRTP\PRODUCT\INSTA_POC_CLIENT\MSF\CYASSL-4.6.0\WOLFSSL_FIPS\WOLFSSL_FIPS\DEBUG\RANDOM.OBJ
D:\WORK\WOLFSSL_4_6_0\KODIAK_POC_CDE_10_00_02_17S_SRTP\PRODUCT\INSTA_POC_CLIENT\MSF\CYASSL-4.6.0\WOLFSSL_FIPS\WOLFSSL_FIPS\DEBUG\RIPEMD.OBJ
D:\WORK\WOLFSSL_4_6_0\KODIAK_POC_CDE_10_00_02_17S_SRTP\PRODUCT\INSTA_POC_CLIENT\MSF\CYASSL-4.6.0\WOLFSSL_FIPS\WOLFSSL_FIPS\DEBUG\RSA.OBJ
D:\WORK\WOLFSSL_4_6_0\KODIAK_POC_CDE_10_00_02_17S_SRTP\PRODUCT\INSTA_POC_CLIENT\MSF\CYASSL-4.6.0\WOLFSSL_FIPS\WOLFSSL_FIPS\DEBUG\SHA.OBJ
D:\WORK\WOLFSSL_4_6_0\KODIAK_POC_CDE_10_00_02_17S_SRTP\PRODUCT\INSTA_POC_CLIENT\MSF\CYASSL-4.6.0\WOLFSSL_FIPS\WOLFSSL_FIPS\DEBUG\SHA256.OBJ
D:\WORK\WOLFSSL_4_6_0\KODIAK_POC_CDE_10_00_02_17S_SRTP\PRODUCT\INSTA_POC_CLIENT\MSF\CYASSL-4.6.0\WOLFSSL_FIPS\WOLFSSL_FIPS\DEBUG\SHA512.OBJ
D:\WORK\WOLFSSL_4_6_0\KODIAK_POC_CDE_10_00_02_17S_SRTP\PRODUCT\INSTA_POC_CLIENT\MSF\CYASSL-4.6.0\WOLFSSL_FIPS\WOLFSSL_FIPS\DEBUG\SIGNATURE.OBJ
D:\WORK\WOLFSSL_4_6_0\KODIAK_POC_CDE_10_00_02_17S_SRTP\PRODUCT\INSTA_POC_CLIENT\MSF\CYASSL-4.6.0\WOLFSSL_FIPS\WOLFSSL_FIPS\DEBUG\SNIFFER.OBJ
D:\WORK\WOLFSSL_4_6_0\KODIAK_POC_CDE_10_00_02_17S_SRTP\PRODUCT\INSTA_POC_CLIENT\MSF\CYASSL-4.6.0\WOLFSSL_FIPS\WOLFSSL_FIPS\DEBUG\SRP.OBJ
D:\WORK\WOLFSSL_4_6_0\KODIAK_POC_CDE_10_00_02_17S_SRTP\PRODUCT\INSTA_POC_CLIENT\MSF\CYASSL-4.6.0\WOLFSSL_FIPS\WOLFSSL_FIPS\DEBUG\SSL.OBJ
D:\WORK\WOLFSSL_4_6_0\KODIAK_POC_CDE_10_00_02_17S_SRTP\PRODUCT\INSTA_POC_CLIENT\MSF\CYASSL-4.6.0\WOLFSSL_FIPS\WOLFSSL_FIPS\DEBUG\TFM.OBJ
D:\WORK\WOLFSSL_4_6_0\KODIAK_POC_CDE_10_00_02_17S_SRTP\PRODUCT\INSTA_POC_CLIENT\MSF\CYASSL-4.6.0\WOLFSSL_FIPS\WOLFSSL_FIPS\DEBUG\TLS.OBJ
D:\WORK\WOLFSSL_4_6_0\KODIAK_POC_CDE_10_00_02_17S_SRTP\PRODUCT\INSTA_POC_CLIENT\MSF\CYASSL-4.6.0\WOLFSSL_FIPS\WOLFSSL_FIPS\DEBUG\VC100.PDB
D:\WORK\WOLFSSL_4_6_0\KODIAK_POC_CDE_10_00_02_17S_SRTP\PRODUCT\INSTA_POC_CLIENT\MSF\CYASSL-4.6.0\WOLFSSL_FIPS\WOLFSSL_FIPS\DEBUG\WC_ENCRYPT.OBJ
D:\WORK\WOLFSSL_4_6_0\KODIAK_POC_CDE_10_00_02_17S_SRTP\PRODUCT\INSTA_POC_CLIENT\MSF\CYASSL-4.6.0\WOLFSSL_FIPS\WOLFSSL_FIPS\DEBUG\WC_PORT.OBJ
D:\WORK\WOLFSSL_4_6_0\KODIAK_POC_CDE_10_00_02_17S_SRTP\PRODUCT\INSTA_POC_CLIENT\MSF\CYASSL-4.6.0\WOLFSSL_FIPS\WOLFSSL_FIPS\DEBUG\WOLFCRYPT_FIRST.OBJ
D:\WORK\WOLFSSL_4_6_0\KODIAK_POC_CDE_10_00_02_17S_SRTP\PRODUCT\INSTA_POC_CLIENT\MSF\CYASSL-4.6.0\WOLFSSL_FIPS\WOLFSSL_FIPS\DEBUG\WOLFCRYPT_LAST.OBJ
D:\WORK\WOLFSSL_4_6_0\KODIAK_POC_CDE_10_00_02_17S_SRTP\PRODUCT\INSTA_POC_CLIENT\MSF\CYASSL-4.6.0\WOLFSSL_FIPS\WOLFSSL_FIPS\DEBUG\WOLFIO.OBJ
